[2025-06-21T11:32:28.332Z] Server started on port 5001
[2025-06-21T11:32:40.754Z] Client is ready
[2025-06-21T11:33:17.295Z] New WebSocket connection
[2025-06-21T11:33:23.904Z] New WebSocket connection
[2025-06-21T11:33:30.584Z] New WebSocket connection
[2025-06-21T11:33:32.830Z] Error processing message: Error: Protocol error (Runtime.callFunctionOn): Session closed. Most likely the page has been closed.
[2025-06-21T11:36:59.608Z] Shutting down...
[2025-06-21T11:37:07.184Z] Server started on port 5001
[2025-06-21T11:37:07.504Z] New WebSocket connection
[2025-06-21T11:37:15.815Z] QR code received
[2025-06-21T11:37:15.835Z] WhatsApp client initializing...
[2025-06-21T11:37:21.978Z] New WebSocket connection
[2025-06-21T11:37:44.180Z] Loading: 100%
[2025-06-21T11:37:49.691Z] Client is ready
[2025-06-21T11:38:18.739Z] Fetched 7 groups
[2025-06-21T11:40:55.312Z] WebSocket connection closed
[2025-06-21T11:40:55.601Z] New WebSocket connection
[2025-06-21T11:40:55.602Z] Error getting groups: Error: Protocol error (Runtime.callFunctionOn): Session closed. Most likely the page has been closed.
[2025-06-21T11:40:55.605Z] Error sending ready state: Error: Protocol error (Runtime.callFunctionOn): Session closed. Most likely the page has been closed.
[2025-06-21T11:40:55.640Z] Error getting groups: Error: Protocol error (Runtime.callFunctionOn): Session closed. Most likely the page has been closed.
[2025-06-21T11:40:55.640Z] Error processing message: Error: Protocol error (Runtime.callFunctionOn): Session closed. Most likely the page has been closed.
[2025-06-21T11:40:55.644Z] Restarting due to critical error...
[2025-06-21T11:41:05.139Z] QR code received
[2025-06-21T11:41:14.677Z] Loading: 100%
[2025-06-21T11:41:21.626Z] Client is ready
[2025-06-21T11:41:24.091Z] WebSocket connection closed
[2025-06-21T11:41:52.207Z] Fetched 7 groups
[2025-06-21T11:46:43.966Z] Shutting down gracefully...
